0 info it worked if it ends with ok
1 verbose cli [ '/usr/bin/nodejs', '/usr/bin/npm', 'i', 'electronic-wechat' ]
2 info using npm@3.5.2
3 info using node@v4.2.6
4 silly loadCurrentTree Starting
5 silly install loadCurrentTree
6 silly install readLocalPackageData
7 silly fetchPackageMetaData electronic-wechat
8 silly fetchNamedPackageData electronic-wechat
9 silly mapToRegistry name electronic-wechat
10 silly mapToRegistry using default registry
11 silly mapToRegistry registry https://registry.npmjs.org/
12 silly mapToRegistry uri https://registry.npmjs.org/electronic-wechat
13 verbose request uri https://registry.npmjs.org/electronic-wechat
14 verbose request no auth needed
15 info attempt registry request try #1 at 9:14:30 AM
16 verbose request id a02f7523af10cd92
17 verbose etag W/"572e135d-23f5"
18 verbose lastModified Sat, 07 May 2016 16:10:05 GMT
19 http request GET https://registry.npmjs.org/electronic-wechat
20 http 304 https://registry.npmjs.org/electronic-wechat
21 verbose headers { date: 'Tue, 17 Jan 2017 01:14:32 GMT',
21 verbose headers   via: '1.1 varnish',
21 verbose headers   'cache-control': 'max-age=300',
21 verbose headers   etag: 'W/"572e135d-23f5"',
21 verbose headers   age: '217',
21 verbose headers   connection: 'keep-alive',
21 verbose headers   'x-served-by': 'cache-nrt6124-NRT',
21 verbose headers   'x-cache': 'HIT',
21 verbose headers   'x-cache-hits': '1',
21 verbose headers   'x-timer': 'S1484615672.210245,VS0,VE0',
21 verbose headers   vary: 'Accept-Encoding' }
22 silly get cb [ 304,
22 silly get   { date: 'Tue, 17 Jan 2017 01:14:32 GMT',
22 silly get     via: '1.1 varnish',
22 silly get     'cache-control': 'max-age=300',
22 silly get     etag: 'W/"572e135d-23f5"',
22 silly get     age: '217',
22 silly get     connection: 'keep-alive',
22 silly get     'x-served-by': 'cache-nrt6124-NRT',
22 silly get     'x-cache': 'HIT',
22 silly get     'x-cache-hits': '1',
22 silly get     'x-timer': 'S1484615672.210245,VS0,VE0',
22 silly get     vary: 'Accept-Encoding' } ]
23 verbose etag https://registry.npmjs.org/electronic-wechat from cache
24 verbose get saving electronic-wechat to /home/wuyongli/.npm/registry.npmjs.org/electronic-wechat/.cache.json
25 silly install normalizeTree
26 silly loadCurrentTree Finishing
27 silly loadIdealTree Starting
28 silly install loadIdealTree
29 silly cloneCurrentTree Starting
30 silly install cloneCurrentTreeToIdealTree
31 silly cloneCurrentTree Finishing
32 silly loadShrinkwrap Starting
33 silly install loadShrinkwrap
34 silly loadShrinkwrap Finishing
35 silly loadAllDepsIntoIdealTree Starting
36 silly install loadAllDepsIntoIdealTree
37 silly resolveWithNewModule electronic-wechat@1.2.1 checking installable status
38 silly cache add args [ 'electronic-wechat', null ]
39 verbose cache add spec electronic-wechat
40 silly cache add parsed spec Result {
40 silly cache add   raw: 'electronic-wechat',
40 silly cache add   scope: null,
40 silly cache add   name: 'electronic-wechat',
40 silly cache add   rawSpec: '',
40 silly cache add   spec: 'latest',
40 silly cache add   type: 'tag' }
41 silly addNamed electronic-wechat@latest
42 verbose addNamed "latest" is being treated as a dist-tag for electronic-wechat
43 info addNameTag [ 'electronic-wechat', 'latest' ]
44 silly mapToRegistry name electronic-wechat
45 silly mapToRegistry using default registry
46 silly mapToRegistry registry https://registry.npmjs.org/
47 silly mapToRegistry uri https://registry.npmjs.org/electronic-wechat
48 verbose addNameTag registry:https://registry.npmjs.org/electronic-wechat not in flight; fetching
49 verbose get https://registry.npmjs.org/electronic-wechat not expired, no request
50 silly addNameTag next cb for electronic-wechat with tag latest
51 silly addNamed electronic-wechat@1.2.1
52 verbose addNamed "1.2.1" is a plain semver version for electronic-wechat
53 silly cache afterAdd electronic-wechat@1.2.1
54 verbose afterAdd /home/wuyongli/.npm/electronic-wechat/1.2.1/package/package.json not in flight; writing
55 verbose afterAdd /home/wuyongli/.npm/electronic-wechat/1.2.1/package/package.json written
56 silly fetchNamedPackageData electron-prebuilt
57 silly mapToRegistry name electron-prebuilt
58 silly mapToRegistry using default registry
59 silly mapToRegistry registry https://registry.npmjs.org/
60 silly mapToRegistry uri https://registry.npmjs.org/electron-prebuilt
61 verbose request uri https://registry.npmjs.org/electron-prebuilt
62 verbose request no auth needed
63 info attempt registry request try #1 at 9:14:32 AM
64 verbose etag W/"5872d731-35287"
65 verbose lastModified Mon, 09 Jan 2017 00:20:01 GMT
66 http request GET https://registry.npmjs.org/electron-prebuilt
67 http 304 https://registry.npmjs.org/electron-prebuilt
68 verbose headers { date: 'Tue, 17 Jan 2017 01:14:33 GMT',
68 verbose headers   via: '1.1 varnish',
68 verbose headers   'cache-control': 'max-age=300',
68 verbose headers   etag: 'W/"5872d731-35287"',
68 verbose headers   age: '0',
68 verbose headers   connection: 'keep-alive',
68 verbose headers   'x-served-by': 'cache-nrt6128-NRT',
68 verbose headers   'x-cache': 'HIT',
68 verbose headers   'x-cache-hits': '1',
68 verbose headers   'x-timer': 'S1484615673.112568,VS0,VE621',
68 verbose headers   vary: 'Accept-Encoding' }
69 silly get cb [ 304,
69 silly get   { date: 'Tue, 17 Jan 2017 01:14:33 GMT',
69 silly get     via: '1.1 varnish',
69 silly get     'cache-control': 'max-age=300',
69 silly get     etag: 'W/"5872d731-35287"',
69 silly get     age: '0',
69 silly get     connection: 'keep-alive',
69 silly get     'x-served-by': 'cache-nrt6128-NRT',
69 silly get     'x-cache': 'HIT',
69 silly get     'x-cache-hits': '1',
69 silly get     'x-timer': 'S1484615673.112568,VS0,VE621',
69 silly get     vary: 'Accept-Encoding' } ]
70 verbose etag https://registry.npmjs.org/electron-prebuilt from cache
71 verbose get saving electron-prebuilt to /home/wuyongli/.npm/registry.npmjs.org/electron-prebuilt/.cache.json
72 silly resolveWithNewModule electron-prebuilt@0.37.8 checking installable status
73 silly cache add args [ 'electron-prebuilt@^0.37.6', null ]
74 verbose cache add spec electron-prebuilt@^0.37.6
75 silly cache add parsed spec Result {
75 silly cache add   raw: 'electron-prebuilt@^0.37.6',
75 silly cache add   scope: null,
75 silly cache add   name: 'electron-prebuilt',
75 silly cache add   rawSpec: '^0.37.6',
75 silly cache add   spec: '>=0.37.6 <0.38.0',
75 silly cache add   type: 'range' }
76 silly addNamed electron-prebuilt@>=0.37.6 <0.38.0
77 verbose addNamed ">=0.37.6 <0.38.0" is a valid semver range for electron-prebuilt
78 silly addNameRange { name: 'electron-prebuilt',
78 silly addNameRange   range: '>=0.37.6 <0.38.0',
78 silly addNameRange   hasData: false }
79 silly mapToRegistry name electron-prebuilt
80 silly mapToRegistry using default registry
81 silly mapToRegistry registry https://registry.npmjs.org/
82 silly mapToRegistry uri https://registry.npmjs.org/electron-prebuilt
83 verbose addNameRange registry:https://registry.npmjs.org/electron-prebuilt not in flight; fetching
84 verbose get https://registry.npmjs.org/electron-prebuilt not expired, no request
85 silly addNameRange number 2 { name: 'electron-prebuilt',
85 silly addNameRange   range: '>=0.37.6 <0.38.0',
85 silly addNameRange   hasData: true }
86 silly addNameRange versions [ 'electron-prebuilt',
86 silly addNameRange   [ '0.24.0',
86 silly addNameRange     '0.25.0',
86 silly addNameRange     '0.25.1',
86 silly addNameRange     '0.25.1-1',
86 silly addNameRange     '0.25.2',
86 silly addNameRange     '0.25.2-1',
86 silly addNameRange     '0.25.3',
86 silly addNameRange     '0.25.3-1',
86 silly addNameRange     '0.25.3-2',
86 silly addNameRange     '0.26.0',
86 silly addNameRange     '0.26.1',
86 silly addNameRange     '0.27.0',
86 silly addNameRange     '0.27.1',
86 silly addNameRange     '0.27.2',
86 silly addNameRange     '0.27.3',
86 silly addNameRange     '0.28.0',
86 silly addNameRange     '0.28.1',
86 silly addNameRange     '0.28.2',
86 silly addNameRange     '0.28.3',
86 silly addNameRange     '0.29.0',
86 silly addNameRange     '0.29.1',
86 silly addNameRange     '0.29.2',
86 silly addNameRange     '0.30.0',
86 silly addNameRange     '0.30.1',
86 silly addNameRange     '0.30.2',
86 silly addNameRange     '0.30.3',
86 silly addNameRange     '0.30.4',
86 silly addNameRange     '0.30.5',
86 silly addNameRange     '0.31.0',
86 silly addNameRange     '0.30.6',
86 silly addNameRange     '0.31.1',
86 silly addNameRange     '0.31.2',
86 silly addNameRange     '0.32.0',
86 silly addNameRange     '0.32.1',
86 silly addNameRange     '0.32.2',
86 silly addNameRange     '0.32.3',
86 silly addNameRange     '0.33.0',
86 silly addNameRange     '0.33.1',
86 silly addNameRange     '0.30.7',
86 silly addNameRange     '0.33.2',
86 silly addNameRange     '0.30.8',
86 silly addNameRange     '0.33.3',
86 silly addNameRange     '0.33.4',
86 silly addNameRange     '0.33.5',
86 silly addNameRange     '0.33.6',
86 silly addNameRange     '0.33.7',
86 silly addNameRange     '0.33.8',
86 silly addNameRange     '0.33.9',
86 silly addNameRange     '0.34.0',
86 silly addNameRange     '0.34.1',
86 silly addNameRange     '0.34.2',
86 silly addNameRange     '0.34.3',
86 silly addNameRange     '0.35.0',
86 silly addNameRange     '0.35.1',
86 silly addNameRange     '0.34.4',
86 silly addNameRange     '0.34.5',
86 silly addNameRange     '0.35.2',
86 silly addNameRange     '0.35.3',
86 silly addNameRange     '0.35.4',
86 silly addNameRange     '0.36.0',
86 silly addNameRange     '0.36.1',
86 silly addNameRange     '0.36.2',
86 silly addNameRange     '0.35.5',
86 silly addNameRange     '0.36.3',
86 silly addNameRange     '0.35.6',
86 silly addNameRange     '0.36.4',
86 silly addNameRange     '0.36.5',
86 silly addNameRange     '0.36.6',
86 silly addNameRange     '0.36.7',
86 silly addNameRange     '0.36.8',
86 silly addNameRange     '0.36.9',
86 silly addNameRange     '0.36.10',
86 silly addNameRange     '0.36.11',
86 silly addNameRange     '0.37.0',
86 silly addNameRange     '0.37.1',
86 silly addNameRange     '0.37.2',
86 silly addNameRange     '0.36.12',
86 silly addNameRange     '0.37.3',
86 silly addNameRange     '0.37.4',
86 silly addNameRange     '0.37.5',
86 silly addNameRange     '0.37.6',
86 silly addNameRange     '0.37.7',
86 silly addNameRange     '0.37.8',
86 silly addNameRange     '1.0.0',
86 silly addNameRange     '1.0.1',
86 silly addNameRange     '1.0.2',
86 silly addNameRange     '1.1.0',
86 silly addNameRange     '1.1.1',
86 silly addNameRange     '1.1.2',
86 silly addNameRange     '1.1.3',
86 silly addNameRange     '1.2.0',
86 silly addNameRange     '1.2.1',
86 silly addNameRange     '1.2.2',
86 silly addNameRange     '1.2.3',
86 silly addNameRange     '1.2.4',
86 silly addNameRange     '1.2.5',
86 silly addNameRange     '1.2.6',
86 silly addNameRange     '1.2.7',
86 silly addNameRange     '1.2.8',
86 silly addNameRange     '1.3.0',
86 silly addNameRange     '1.3.1',
86 silly addNameRange     '1.3.2',
86 silly addNameRange     '1.3.3',
86 silly addNameRange     '1.3.4',
86 silly addNameRange     '1.3.5',
86 silly addNameRange     '1.3.6',
86 silly addNameRange     '1.4.0',
86 silly addNameRange     '1.4.1',
86 silly addNameRange     '1.3.7',
86 silly addNameRange     '1.4.2',
86 silly addNameRange     '1.4.3',
86 silly addNameRange     '1.4.4',
86 silly addNameRange     '1.3.8',
86 silly addNameRange     '1.4.5',
86 silly addNameRange     '1.4.6',
86 silly addNameRange     '1.4.7',
86 silly addNameRange     '1.3.9',
86 silly addNameRange     '1.3.10',
86 silly addNameRange     '1.4.8',
86 silly addNameRange     '1.3.12',
86 silly addNameRange     '1.4.10',
86 silly addNameRange     '1.3.13',
86 silly addNameRange     '1.4.11',
86 silly addNameRange     '1.4.12',
86 silly addNameRange     '1.4.13' ] ]
87 silly addNamed electron-prebuilt@0.37.8
88 verbose addNamed "0.37.8" is a plain semver version for electron-prebuilt
89 silly cache afterAdd electron-prebuilt@0.37.8
90 verbose afterAdd /home/wuyongli/.npm/electron-prebuilt/0.37.8/package/package.json not in flight; writing
91 verbose afterAdd /home/wuyongli/.npm/electron-prebuilt/0.37.8/package/package.json written
92 silly fetchNamedPackageData nodejieba
93 silly mapToRegistry name nodejieba
94 silly mapToRegistry using default registry
95 silly mapToRegistry registry https://registry.npmjs.org/
96 silly mapToRegistry uri https://registry.npmjs.org/nodejieba
97 verbose request uri https://registry.npmjs.org/nodejieba
98 verbose request no auth needed
99 info attempt registry request try #1 at 9:14:34 AM
100 verbose etag W/"58286e8b-fb8b"
101 verbose lastModified Sun, 13 Nov 2016 13:45:47 GMT
102 http request GET https://registry.npmjs.org/nodejieba
103 http 304 https://registry.npmjs.org/nodejieba
104 verbose headers { date: 'Tue, 17 Jan 2017 01:14:34 GMT',
104 verbose headers   via: '1.1 varnish',
104 verbose headers   'cache-control': 'max-age=300',
104 verbose headers   etag: 'W/"58286e8b-fb8b"',
104 verbose headers   age: '97',
104 verbose headers   connection: 'keep-alive',
104 verbose headers   'x-served-by': 'cache-nrt6135-NRT',
104 verbose headers   'x-cache': 'HIT',
104 verbose headers   'x-cache-hits': '1',
104 verbose headers   'x-timer': 'S1484615674.362237,VS0,VE0',
104 verbose headers   vary: 'Accept-Encoding' }
105 silly get cb [ 304,
105 silly get   { date: 'Tue, 17 Jan 2017 01:14:34 GMT',
105 silly get     via: '1.1 varnish',
105 silly get     'cache-control': 'max-age=300',
105 silly get     etag: 'W/"58286e8b-fb8b"',
105 silly get     age: '97',
105 silly get     connection: 'keep-alive',
105 silly get     'x-served-by': 'cache-nrt6135-NRT',
105 silly get     'x-cache': 'HIT',
105 silly get     'x-cache-hits': '1',
105 silly get     'x-timer': 'S1484615674.362237,VS0,VE0',
105 silly get     vary: 'Accept-Encoding' } ]
106 verbose etag https://registry.npmjs.org/nodejieba from cache
107 verbose get saving nodejieba to /home/wuyongli/.npm/registry.npmjs.org/nodejieba/.cache.json
108 silly resolveWithNewModule nodejieba@2.2.4 checking installable status
109 silly cache add args [ 'nodejieba@^2.2.1', null ]
110 verbose cache add spec nodejieba@^2.2.1
111 silly cache add parsed spec Result {
111 silly cache add   raw: 'nodejieba@^2.2.1',
111 silly cache add   scope: null,
111 silly cache add   name: 'nodejieba',
111 silly cache add   rawSpec: '^2.2.1',
111 silly cache add   spec: '>=2.2.1 <3.0.0',
111 silly cache add   type: 'range' }
112 silly addNamed nodejieba@>=2.2.1 <3.0.0
113 verbose addNamed ">=2.2.1 <3.0.0" is a valid semver range for nodejieba
114 silly addNameRange { name: 'nodejieba', range: '>=2.2.1 <3.0.0', hasData: false }
115 silly mapToRegistry name nodejieba
116 silly mapToRegistry using default registry
117 silly mapToRegistry registry https://registry.npmjs.org/
118 silly mapToRegistry uri https://registry.npmjs.org/nodejieba
119 verbose addNameRange registry:https://registry.npmjs.org/nodejieba not in flight; fetching
120 verbose get https://registry.npmjs.org/nodejieba not expired, no request
121 silly addNameRange number 2 { name: 'nodejieba', range: '>=2.2.1 <3.0.0', hasData: true }
122 silly addNameRange versions [ 'nodejieba',
122 silly addNameRange   [ '0.1.0',
122 silly addNameRange     '0.1.1',
122 silly addNameRange     '0.1.2',
122 silly addNameRange     '0.1.3',
122 silly addNameRange     '0.1.4',
122 silly addNameRange     '0.2.0',
122 silly addNameRange     '0.2.1',
122 silly addNameRange     '0.2.2',
122 silly addNameRange     '0.2.3',
122 silly addNameRange     '0.2.4',
122 silly addNameRange     '0.2.5',
122 silly addNameRange     '0.2.6',
122 silly addNameRange     '0.2.7',
122 silly addNameRange     '0.2.8',
122 silly addNameRange     '0.2.9',
122 silly addNameRange     '0.2.10',
122 silly addNameRange     '0.2.11',
122 silly addNameRange     '0.2.12',
122 silly addNameRange     '0.2.13',
122 silly addNameRange     '1.0.0',
122 silly addNameRange     '1.0.1',
122 silly addNameRange     '1.0.2',
122 silly addNameRange     '1.0.3',
122 silly addNameRange     '1.1.0',
122 silly addNameRange     '1.2.0',
122 silly addNameRange     '1.2.1',
122 silly addNameRange     '1.2.2',
122 silly addNameRange     '1.3.0',
122 silly addNameRange     '1.4.0',
122 silly addNameRange     '1.4.1',
122 silly addNameRange     '1.4.2',
122 silly addNameRange     '1.4.3',
122 silly addNameRange     '1.4.4',
122 silly addNameRange     '1.4.5',
122 silly addNameRange     '1.4.6',
122 silly addNameRange     '1.4.7',
122 silly addNameRange     '1.4.8',
122 silly addNameRange     '1.4.9',
122 silly addNameRange     '1.4.10',
122 silly addNameRange     '1.4.11',
122 silly addNameRange     '2.0.0',
122 silly addNameRange     '2.1.0',
122 silly addNameRange     '2.2.0',
122 silly addNameRange     '2.2.1',
122 silly addNameRange     '2.2.2',
122 silly addNameRange     '2.2.3',
122 silly addNameRange     '2.2.4' ] ]
123 silly addNamed nodejieba@2.2.4
124 verbose addNamed "2.2.4" is a plain semver version for nodejieba
125 silly cache afterAdd nodejieba@2.2.4
126 verbose afterAdd /home/wuyongli/.npm/nodejieba/2.2.4/package/package.json not in flight; writing
127 verbose afterAdd /home/wuyongli/.npm/nodejieba/2.2.4/package/package.json written
128 silly fetchNamedPackageData nan
129 silly mapToRegistry name nan
130 silly mapToRegistry using default registry
131 silly mapToRegistry registry https://registry.npmjs.org/
132 silly mapToRegistry uri https://registry.npmjs.org/nan
133 verbose request uri https://registry.npmjs.org/nan
134 verbose request no auth needed
135 info attempt registry request try #1 at 9:14:34 AM
136 verbose etag W/"585acecf-1d7db"
137 verbose lastModified Wed, 21 Dec 2016 18:49:51 GMT
138 http request GET https://registry.npmjs.org/nan
139 http 304 https://registry.npmjs.org/nan
140 verbose headers { date: 'Tue, 17 Jan 2017 01:14:35 GMT',
140 verbose headers   via: '1.1 varnish',
140 verbose headers   'cache-control': 'max-age=300',
140 verbose headers   etag: 'W/"585acecf-1d7db"',
140 verbose headers   age: '262',
140 verbose headers   connection: 'keep-alive',
140 verbose headers   'x-served-by': 'cache-nrt6124-NRT',
140 verbose headers   'x-cache': 'HIT',
140 verbose headers   'x-cache-hits': '5',
140 verbose headers   'x-timer': 'S1484615675.076856,VS0,VE0',
140 verbose headers   vary: 'Accept-Encoding' }
141 silly get cb [ 304,
141 silly get   { date: 'Tue, 17 Jan 2017 01:14:35 GMT',
141 silly get     via: '1.1 varnish',
141 silly get     'cache-control': 'max-age=300',
141 silly get     etag: 'W/"585acecf-1d7db"',
141 silly get     age: '262',
141 silly get     connection: 'keep-alive',
141 silly get     'x-served-by': 'cache-nrt6124-NRT',
141 silly get     'x-cache': 'HIT',
141 silly get     'x-cache-hits': '5',
141 silly get     'x-timer': 'S1484615675.076856,VS0,VE0',
141 silly get     vary: 'Accept-Encoding' } ]
142 verbose etag https://registry.npmjs.org/nan from cache
143 verbose get saving nan to /home/wuyongli/.npm/registry.npmjs.org/nan/.cache.json
144 silly resolveWithNewModule nan@2.3.5 checking installable status
145 silly cache add args [ 'nan@~2.3.0', null ]
146 verbose cache add spec nan@~2.3.0
147 silly cache add parsed spec Result {
147 silly cache add   raw: 'nan@~2.3.0',
147 silly cache add   scope: null,
147 silly cache add   name: 'nan',
147 silly cache add   rawSpec: '~2.3.0',
147 silly cache add   spec: '>=2.3.0 <2.4.0',
147 silly cache add   type: 'range' }
148 silly addNamed nan@>=2.3.0 <2.4.0
149 verbose addNamed ">=2.3.0 <2.4.0" is a valid semver range for nan
150 silly addNameRange { name: 'nan', range: '>=2.3.0 <2.4.0', hasData: false }
151 silly mapToRegistry name nan
152 silly mapToRegistry using default registry
153 silly mapToRegistry registry https://registry.npmjs.org/
154 silly mapToRegistry uri https://registry.npmjs.org/nan
155 verbose addNameRange registry:https://registry.npmjs.org/nan not in flight; fetching
156 verbose get https://registry.npmjs.org/nan not expired, no request
157 silly addNameRange number 2 { name: 'nan', range: '>=2.3.0 <2.4.0', hasData: true }
158 silly addNameRange versions [ 'nan',
158 silly addNameRange   [ '0.3.0-wip',
158 silly addNameRange     '0.3.0-wip2',
158 silly addNameRange     '0.3.0',
158 silly addNameRange     '0.3.1',
158 silly addNameRange     '0.3.2',
158 silly addNameRange     '0.4.0',
158 silly addNameRange     '0.4.1',
158 silly addNameRange     '0.4.2',
158 silly addNameRange     '0.4.3',
158 silly addNameRange     '0.4.4',
158 silly addNameRange     '0.5.0',
158 silly addNameRange     '0.5.1',
158 silly addNameRange     '0.5.2',
158 silly addNameRange     '0.6.0',
158 silly addNameRange     '0.7.0',
158 silly addNameRange     '0.7.1',
158 silly addNameRange     '0.8.0',
158 silly addNameRange     '1.0.0',
158 silly addNameRange     '1.1.0',
158 silly addNameRange     '1.1.1',
158 silly addNameRange     '1.1.2',
158 silly addNameRange     '1.2.0',
158 silly addNameRange     '1.3.0',
158 silly addNameRange     '1.4.0',
158 silly addNameRange     '1.4.1',
158 silly addNameRange     '1.5.0',
158 silly addNameRange     '1.4.2',
158 silly addNameRange     '1.4.3',
158 silly addNameRange     '1.5.1',
158 silly addNameRange     '1.5.2',
158 silly addNameRange     '1.6.0',
158 silly addNameRange     '1.5.3',
158 silly addNameRange     '1.6.1',
158 silly addNameRange     '1.6.2',
158 silly addNameRange     '1.7.0',
158 silly addNameRange     '1.8.0',
158 silly addNameRange     '1.8.1',
158 silly addNameRange     '1.8.2',
158 silly addNameRange     '1.8.3',
158 silly addNameRange     '1.8.4',
158 silly addNameRange     '1.9.0',
158 silly addNameRange     '2.0.0',
158 silly addNameRange     '2.0.1',
158 silly addNameRange     '2.0.2',
158 silly addNameRange     '2.0.3',
158 silly addNameRange     '2.0.4',
158 silly addNameRange     '2.0.5',
158 silly addNameRange     '2.0.6',
158 silly addNameRange     '2.0.7',
158 silly addNameRange     '2.0.8',
158 silly addNameRange     '2.0.9',
158 silly addNameRange     '2.1.0',
158 silly addNameRange     '2.2.0',
158 silly addNameRange     '2.2.1',
158 silly addNameRange     '2.3.0',
158 silly addNameRange     '2.3.1',
158 silly addNameRange     '2.3.2',
158 silly addNameRange     '2.3.3',
158 silly addNameRange     '2.3.4',
158 silly addNameRange     '2.3.5',
158 silly addNameRange     '2.4.0',
158 silly addNameRange     '2.5.0' ] ]
159 silly addNamed nan@2.3.5
160 verbose addNamed "2.3.5" is a plain semver version for nan
161 silly cache afterAdd nan@2.3.5
162 verbose afterAdd /home/wuyongli/.npm/nan/2.3.5/package/package.json not in flight; writing
163 verbose afterAdd /home/wuyongli/.npm/nan/2.3.5/package/package.json written
164 silly loadAllDepsIntoIdealTree Finishing
165 silly idealTree:prePrune car@1.0.0
165 silly idealTree:prePrune ├── abbrev@1.0.9
165 silly idealTree:prePrune ├── ansi-regex@2.1.1
165 silly idealTree:prePrune ├── ansi-styles@2.2.1
165 silly idealTree:prePrune ├── array-find-index@1.0.2
165 silly idealTree:prePrune ├── asar@0.12.4
165 silly idealTree:prePrune ├── asn1@0.1.11
165 silly idealTree:prePrune ├── assert-plus@0.1.5
165 silly idealTree:prePrune ├── async@0.9.2
165 silly idealTree:prePrune ├── aws-sign2@0.5.0
165 silly idealTree:prePrune ├── balanced-match@0.4.2
165 silly idealTree:prePrune ├── base64-js@0.0.8
165 silly idealTree:prePrune ├── binary@0.3.0
165 silly idealTree:prePrune ├─┬ bl@0.9.5
165 silly idealTree:prePrune │ └── readable-stream@1.0.34
165 silly idealTree:prePrune ├── bluebird@2.11.0
165 silly idealTree:prePrune ├── boom@2.10.1
165 silly idealTree:prePrune ├── bootstrap@3.3.7
165 silly idealTree:prePrune ├── brace-expansion@1.1.6
165 silly idealTree:prePrune ├── buffers@0.1.1
165 silly idealTree:prePrune ├── builtin-modules@1.1.1
165 silly idealTree:prePrune ├── camelcase-keys@2.1.0
165 silly idealTree:prePrune ├── camelcase@2.1.1
165 silly idealTree:prePrune ├── caseless@0.9.0
165 silly idealTree:prePrune ├── chainsaw@0.1.0
165 silly idealTree:prePrune ├── chalk@1.1.3
165 silly idealTree:prePrune ├── chromium-pickle-js@0.2.0
165 silly idealTree:prePrune ├── combined-stream@0.0.7
165 silly idealTree:prePrune ├── commander@2.9.0
165 silly idealTree:prePrune ├── concat-map@0.0.1
165 silly idealTree:prePrune ├─┬ concat-stream@1.5.0
165 silly idealTree:prePrune │ ├── isarray@1.0.0
165 silly idealTree:prePrune │ └── readable-stream@2.0.6
165 silly idealTree:prePrune ├── core-util-is@1.0.2
165 silly idealTree:prePrune ├── cryptiles@2.0.5
165 silly idealTree:prePrune ├── ctype@0.5.3
165 silly idealTree:prePrune ├── cuint@0.2.2
165 silly idealTree:prePrune ├── currently-unhandled@0.4.1
165 silly idealTree:prePrune ├── debug@2.6.0
165 silly idealTree:prePrune ├── decamelize@1.2.0
165 silly idealTree:prePrune ├── decompress-zip@0.3.0
165 silly idealTree:prePrune ├── deep-extend@0.4.1
165 silly idealTree:prePrune ├── delayed-stream@0.0.5
165 silly idealTree:prePrune ├── electron-download@2.2.1
165 silly idealTree:prePrune ├── electron-osx-sign@0.3.2
165 silly idealTree:prePrune ├── electron-packager@7.7.0
165 silly idealTree:prePrune ├── electron-prebuilt@0.37.8
165 silly idealTree:prePrune ├── electronic-wechat@1.2.1
165 silly idealTree:prePrune ├── error-ex@1.3.0
165 silly idealTree:prePrune ├── escape-string-regexp@1.0.5
165 silly idealTree:prePrune ├─┬ extract-zip@1.6.0
165 silly idealTree:prePrune │ ├── debug@0.7.4
165 silly idealTree:prePrune │ ├── minimist@0.0.8
165 silly idealTree:prePrune │ └── mkdirp@0.5.0
165 silly idealTree:prePrune ├── fd-slicer@1.0.1
165 silly idealTree:prePrune ├─┬ find-up@1.1.2
165 silly idealTree:prePrune │ └── path-exists@2.1.0
165 silly idealTree:prePrune ├── forever-agent@0.6.1
165 silly idealTree:prePrune ├── form-data@0.2.0
165 silly idealTree:prePrune ├── fs-extra@0.30.0
165 silly idealTree:prePrune ├── fs.realpath@1.0.0
165 silly idealTree:prePrune ├── generate-function@2.0.0
165 silly idealTree:prePrune ├── generate-object-property@1.2.0
165 silly idealTree:prePrune ├─┬ get-package-info@0.1.1
165 silly idealTree:prePrune │ └── bluebird@3.4.7
165 silly idealTree:prePrune ├── get-stdin@4.0.1
165 silly idealTree:prePrune ├── glob@6.0.4
165 silly idealTree:prePrune ├── graceful-fs@4.1.11
165 silly idealTree:prePrune ├── graceful-readlink@1.0.1
165 silly idealTree:prePrune ├── har-validator@1.8.0
165 silly idealTree:prePrune ├── has-ansi@2.0.0
165 silly idealTree:prePrune ├── hawk@2.3.1
165 silly idealTree:prePrune ├── hoek@2.16.3
165 silly idealTree:prePrune ├── home-path@1.0.3
165 silly idealTree:prePrune ├── hosted-git-info@2.1.5
165 silly idealTree:prePrune ├── http-signature@0.10.1
165 silly idealTree:prePrune ├── indent-string@2.1.0
165 silly idealTree:prePrune ├── inflight@1.0.6
165 silly idealTree:prePrune ├── inherits@2.0.3
165 silly idealTree:prePrune ├── ini@1.3.4
165 silly idealTree:prePrune ├── is-arrayish@0.2.1
165 silly idealTree:prePrune ├── is-builtin-module@1.0.0
165 silly idealTree:prePrune ├── is-finite@1.0.2
165 silly idealTree:prePrune ├── is-my-json-valid@2.15.0
165 silly idealTree:prePrune ├── is-property@1.0.2
165 silly idealTree:prePrune ├── is-utf8@0.2.1
165 silly idealTree:prePrune ├── isarray@0.0.1
165 silly idealTree:prePrune ├── isstream@0.1.2
165 silly idealTree:prePrune ├── jquery@3.1.1
165 silly idealTree:prePrune ├── json-stringify-safe@5.0.1
165 silly idealTree:prePrune ├── jsonfile@2.4.0
165 silly idealTree:prePrune ├── jsonpointer@4.0.1
165 silly idealTree:prePrune ├── keypress@0.1.0
165 silly idealTree:prePrune ├── klaw@1.3.1
165 silly idealTree:prePrune ├── load-json-file@1.1.0
165 silly idealTree:prePrune ├── lodash.get@4.4.2
165 silly idealTree:prePrune ├── lodash@3.10.1
165 silly idealTree:prePrune ├── loud-rejection@1.6.0
165 silly idealTree:prePrune ├── map-obj@1.0.1
165 silly idealTree:prePrune ├── meow@3.7.0
165 silly idealTree:prePrune ├── mime-db@1.12.0
165 silly idealTree:prePrune ├── mime-types@2.0.14
165 silly idealTree:prePrune ├── minimatch@3.0.3
165 silly idealTree:prePrune ├── minimist@1.2.0
165 silly idealTree:prePrune ├─┬ mkdirp@0.5.1
165 silly idealTree:prePrune │ └── minimist@0.0.8
165 silly idealTree:prePrune ├── mkpath@0.1.0
165 silly idealTree:prePrune ├─┬ mksnapshot@0.3.0
165 silly idealTree:prePrune │ └── fs-extra@0.26.7
165 silly idealTree:prePrune ├── ms@0.7.2
165 silly idealTree:prePrune ├─┬ mv@2.1.1
165 silly idealTree:prePrune │ └── rimraf@2.4.5
165 silly idealTree:prePrune ├── nan@2.3.5
165 silly idealTree:prePrune ├── ncp@2.0.0
165 silly idealTree:prePrune ├── node-uuid@1.4.7
165 silly idealTree:prePrune ├── nodejieba@2.2.4
165 silly idealTree:prePrune ├── nopt@3.0.6
165 silly idealTree:prePrune ├── normalize-package-data@2.3.5
165 silly idealTree:prePrune ├── nugget@1.6.2
165 silly idealTree:prePrune ├── number-is-nan@1.0.1
165 silly idealTree:prePrune ├── oauth-sign@0.6.0
165 silly idealTree:prePrune ├── object-assign@4.1.0
165 silly idealTree:prePrune ├── object-keys@0.4.0
165 silly idealTree:prePrune ├── once@1.4.0
165 silly idealTree:prePrune ├── os-tmpdir@1.0.2
165 silly idealTree:prePrune ├── parse-json@2.2.0
165 silly idealTree:prePrune ├── path-exists@1.0.0
165 silly idealTree:prePrune ├── path-is-absolute@1.0.1
165 silly idealTree:prePrune ├── path-type@1.1.0
165 silly idealTree:prePrune ├── pend@1.2.0
165 silly idealTree:prePrune ├── pify@2.3.0
165 silly idealTree:prePrune ├── pinkie-promise@2.0.1
165 silly idealTree:prePrune ├── pinkie@2.0.4
165 silly idealTree:prePrune ├─┬ pinyin@2.8.0
165 silly idealTree:prePrune │ └── commander@1.1.1
165 silly idealTree:prePrune ├── plist@1.2.0
165 silly idealTree:prePrune ├── pretty-bytes@1.0.4
165 silly idealTree:prePrune ├── process-nextick-args@1.0.7
165 silly idealTree:prePrune ├── progress-stream@1.2.0
165 silly idealTree:prePrune ├── punycode@1.4.1
165 silly idealTree:prePrune ├── q@1.4.1
165 silly idealTree:prePrune ├── qs@2.4.2
165 silly idealTree:prePrune ├── rc@1.1.6
165 silly idealTree:prePrune ├── rcedit@0.5.1
165 silly idealTree:prePrune ├── read-pkg-up@1.0.1
165 silly idealTree:prePrune ├── read-pkg@1.1.0
165 silly idealTree:prePrune ├── readable-stream@1.1.14
165 silly idealTree:prePrune ├── redent@1.0.0
165 silly idealTree:prePrune ├── repeating@2.0.1
165 silly idealTree:prePrune ├── request@2.55.0
165 silly idealTree:prePrune ├── resolve@1.2.0
165 silly idealTree:prePrune ├─┬ rimraf@2.5.4
165 silly idealTree:prePrune │ └── glob@7.1.1
165 silly idealTree:prePrune ├── run-series@1.1.4
165 silly idealTree:prePrune ├── semver@5.3.0
165 silly idealTree:prePrune ├── signal-exit@3.0.2
165 silly idealTree:prePrune ├── single-line-log@0.4.1
165 silly idealTree:prePrune ├── sntp@1.0.9
165 silly idealTree:prePrune ├── spdx-correct@1.0.2
165 silly idealTree:prePrune ├── spdx-expression-parse@1.0.4
165 silly idealTree:prePrune ├── spdx-license-ids@1.2.2
165 silly idealTree:prePrune ├── speedometer@0.1.4
165 silly idealTree:prePrune ├── string_decoder@0.10.31
165 silly idealTree:prePrune ├── stringstream@0.0.5
165 silly idealTree:prePrune ├── strip-ansi@3.0.1
165 silly idealTree:prePrune ├── strip-bom@2.0.0
165 silly idealTree:prePrune ├── strip-indent@1.0.1
165 silly idealTree:prePrune ├── strip-json-comments@1.0.4
165 silly idealTree:prePrune ├── supports-color@2.0.0
165 silly idealTree:prePrune ├── throttleit@0.0.2
165 silly idealTree:prePrune ├─┬ through2@0.2.3
165 silly idealTree:prePrune │ └── xtend@2.1.2
165 silly idealTree:prePrune ├── tmp@0.0.28
165 silly idealTree:prePrune ├─┬ touch@0.0.3
165 silly idealTree:prePrune │ └── nopt@1.0.10
165 silly idealTree:prePrune ├── tough-cookie@2.3.2
165 silly idealTree:prePrune ├── traverse@0.3.9
165 silly idealTree:prePrune ├── trim-newlines@1.0.0
165 silly idealTree:prePrune ├── tunnel-agent@0.4.3
165 silly idealTree:prePrune ├── typedarray@0.0.6
165 silly idealTree:prePrune ├── util-deprecate@1.0.2
165 silly idealTree:prePrune ├── validate-npm-package-license@3.0.1
165 silly idealTree:prePrune ├── wrappy@1.0.2
165 silly idealTree:prePrune ├── xmlbuilder@4.0.0
165 silly idealTree:prePrune ├── xmldom@0.1.27
165 silly idealTree:prePrune ├── xtend@4.0.1
165 silly idealTree:prePrune └── yauzl@2.4.1
166 silly loadIdealTree Finishing
167 silly currentTree car@1.0.0
167 silly currentTree ├── abbrev@1.0.9
167 silly currentTree ├── ansi-regex@2.1.1
167 silly currentTree ├── ansi-styles@2.2.1
167 silly currentTree ├── array-find-index@1.0.2
167 silly currentTree ├── asar@0.12.4
167 silly currentTree ├── asn1@0.1.11
167 silly currentTree ├── assert-plus@0.1.5
167 silly currentTree ├── async@0.9.2
167 silly currentTree ├── aws-sign2@0.5.0
167 silly currentTree ├── balanced-match@0.4.2
167 silly currentTree ├── base64-js@0.0.8
167 silly currentTree ├── binary@0.3.0
167 silly currentTree ├─┬ bl@0.9.5
167 silly currentTree │ └── readable-stream@1.0.34
167 silly currentTree ├── bluebird@2.11.0
167 silly currentTree ├── boom@2.10.1
167 silly currentTree ├── bootstrap@3.3.7
167 silly currentTree ├── brace-expansion@1.1.6
167 silly currentTree ├── buffers@0.1.1
167 silly currentTree ├── builtin-modules@1.1.1
167 silly currentTree ├── camelcase-keys@2.1.0
167 silly currentTree ├── camelcase@2.1.1
167 silly currentTree ├── caseless@0.9.0
167 silly currentTree ├── chainsaw@0.1.0
167 silly currentTree ├── chalk@1.1.3
167 silly currentTree ├── chromium-pickle-js@0.2.0
167 silly currentTree ├── combined-stream@0.0.7
167 silly currentTree ├── commander@2.9.0
167 silly currentTree ├── concat-map@0.0.1
167 silly currentTree ├─┬ concat-stream@1.5.0
167 silly currentTree │ ├── isarray@1.0.0
167 silly currentTree │ └── readable-stream@2.0.6
167 silly currentTree ├── core-util-is@1.0.2
167 silly currentTree ├── cryptiles@2.0.5
167 silly currentTree ├── ctype@0.5.3
167 silly currentTree ├── cuint@0.2.2
167 silly currentTree ├── currently-unhandled@0.4.1
167 silly currentTree ├── debug@2.6.0
167 silly currentTree ├── decamelize@1.2.0
167 silly currentTree ├── decompress-zip@0.3.0
167 silly currentTree ├── deep-extend@0.4.1
167 silly currentTree ├── delayed-stream@0.0.5
167 silly currentTree ├── electron-download@2.2.1
167 silly currentTree ├── electron-osx-sign@0.3.2
167 silly currentTree ├── electron-packager@7.7.0
167 silly currentTree ├── error-ex@1.3.0
167 silly currentTree ├── escape-string-regexp@1.0.5
167 silly currentTree ├─┬ extract-zip@1.6.0
167 silly currentTree │ ├── debug@0.7.4
167 silly currentTree │ ├── minimist@0.0.8
167 silly currentTree │ └── mkdirp@0.5.0
167 silly currentTree ├── fd-slicer@1.0.1
167 silly currentTree ├─┬ find-up@1.1.2
167 silly currentTree │ └── path-exists@2.1.0
167 silly currentTree ├── forever-agent@0.6.1
167 silly currentTree ├── form-data@0.2.0
167 silly currentTree ├── fs-extra@0.30.0
167 silly currentTree ├── fs.realpath@1.0.0
167 silly currentTree ├── generate-function@2.0.0
167 silly currentTree ├── generate-object-property@1.2.0
167 silly currentTree ├─┬ get-package-info@0.1.1
167 silly currentTree │ └── bluebird@3.4.7
167 silly currentTree ├── get-stdin@4.0.1
167 silly currentTree ├── glob@6.0.4
167 silly currentTree ├── graceful-fs@4.1.11
167 silly currentTree ├── graceful-readlink@1.0.1
167 silly currentTree ├── har-validator@1.8.0
167 silly currentTree ├── has-ansi@2.0.0
167 silly currentTree ├── hawk@2.3.1
167 silly currentTree ├── hoek@2.16.3
167 silly currentTree ├── home-path@1.0.3
167 silly currentTree ├── hosted-git-info@2.1.5
167 silly currentTree ├── http-signature@0.10.1
167 silly currentTree ├── indent-string@2.1.0
167 silly currentTree ├── inflight@1.0.6
167 silly currentTree ├── inherits@2.0.3
167 silly currentTree ├── ini@1.3.4
167 silly currentTree ├── is-arrayish@0.2.1
167 silly currentTree ├── is-builtin-module@1.0.0
167 silly currentTree ├── is-finite@1.0.2
167 silly currentTree ├── is-my-json-valid@2.15.0
167 silly currentTree ├── is-property@1.0.2
167 silly currentTree ├── is-utf8@0.2.1
167 silly currentTree ├── isarray@0.0.1
167 silly currentTree ├── isstream@0.1.2
167 silly currentTree ├── jquery@3.1.1
167 silly currentTree ├── json-stringify-safe@5.0.1
167 silly currentTree ├── jsonfile@2.4.0
167 silly currentTree ├── jsonpointer@4.0.1
167 silly currentTree ├── keypress@0.1.0
167 silly currentTree ├── klaw@1.3.1
167 silly currentTree ├── load-json-file@1.1.0
167 silly currentTree ├── lodash.get@4.4.2
167 silly currentTree ├── lodash@3.10.1
167 silly currentTree ├── loud-rejection@1.6.0
167 silly currentTree ├── map-obj@1.0.1
167 silly currentTree ├── meow@3.7.0
167 silly currentTree ├── mime-db@1.12.0
167 silly currentTree ├── mime-types@2.0.14
167 silly currentTree ├── minimatch@3.0.3
167 silly currentTree ├── minimist@1.2.0
167 silly currentTree ├─┬ mkdirp@0.5.1
167 silly currentTree │ └── minimist@0.0.8
167 silly currentTree ├── mkpath@0.1.0
167 silly currentTree ├─┬ mksnapshot@0.3.0
167 silly currentTree │ └── fs-extra@0.26.7
167 silly currentTree ├── ms@0.7.2
167 silly currentTree ├─┬ mv@2.1.1
167 silly currentTree │ └── rimraf@2.4.5
167 silly currentTree ├── ncp@2.0.0
167 silly currentTree ├── node-uuid@1.4.7
167 silly currentTree ├── nopt@3.0.6
167 silly currentTree ├── normalize-package-data@2.3.5
167 silly currentTree ├── nugget@1.6.2
167 silly currentTree ├── number-is-nan@1.0.1
167 silly currentTree ├── oauth-sign@0.6.0
167 silly currentTree ├── object-assign@4.1.0
167 silly currentTree ├── object-keys@0.4.0
167 silly currentTree ├── once@1.4.0
167 silly currentTree ├── os-tmpdir@1.0.2
167 silly currentTree ├── parse-json@2.2.0
167 silly currentTree ├── path-exists@1.0.0
167 silly currentTree ├── path-is-absolute@1.0.1
167 silly currentTree ├── path-type@1.1.0
167 silly currentTree ├── pend@1.2.0
167 silly currentTree ├── pify@2.3.0
167 silly currentTree ├── pinkie-promise@2.0.1
167 silly currentTree ├── pinkie@2.0.4
167 silly currentTree ├─┬ pinyin@2.8.0
167 silly currentTree │ └── commander@1.1.1
167 silly currentTree ├── plist@1.2.0
167 silly currentTree ├── pretty-bytes@1.0.4
167 silly currentTree ├── process-nextick-args@1.0.7
167 silly currentTree ├── progress-stream@1.2.0
167 silly currentTree ├── punycode@1.4.1
167 silly currentTree ├── q@1.4.1
167 silly currentTree ├── qs@2.4.2
167 silly currentTree ├── rc@1.1.6
167 silly currentTree ├── rcedit@0.5.1
167 silly currentTree ├── read-pkg-up@1.0.1
167 silly currentTree ├── read-pkg@1.1.0
167 silly currentTree ├── readable-stream@1.1.14
167 silly currentTree ├── redent@1.0.0
167 silly currentTree ├── repeating@2.0.1
167 silly currentTree ├── request@2.55.0
167 silly currentTree ├── resolve@1.2.0
167 silly currentTree ├─┬ rimraf@2.5.4
167 silly currentTree │ └── glob@7.1.1
167 silly currentTree ├── run-series@1.1.4
167 silly currentTree ├── semver@5.3.0
167 silly currentTree ├── signal-exit@3.0.2
167 silly currentTree ├── single-line-log@0.4.1
167 silly currentTree ├── sntp@1.0.9
167 silly currentTree ├── spdx-correct@1.0.2
167 silly currentTree ├── spdx-expression-parse@1.0.4
167 silly currentTree ├── spdx-license-ids@1.2.2
167 silly currentTree ├── speedometer@0.1.4
167 silly currentTree ├── string_decoder@0.10.31
167 silly currentTree ├── stringstream@0.0.5
167 silly currentTree ├── strip-ansi@3.0.1
167 silly currentTree ├── strip-bom@2.0.0
167 silly currentTree ├── strip-indent@1.0.1
167 silly currentTree ├── strip-json-comments@1.0.4
167 silly currentTree ├── supports-color@2.0.0
167 silly currentTree ├── throttleit@0.0.2
167 silly currentTree ├─┬ through2@0.2.3
167 silly currentTree │ └── xtend@2.1.2
167 silly currentTree ├── tmp@0.0.28
167 silly currentTree ├─┬ touch@0.0.3
167 silly currentTree │ └── nopt@1.0.10
167 silly currentTree ├── tough-cookie@2.3.2
167 silly currentTree ├── traverse@0.3.9
167 silly currentTree ├── trim-newlines@1.0.0
167 silly currentTree ├── tunnel-agent@0.4.3
167 silly currentTree ├── typedarray@0.0.6
167 silly currentTree ├── util-deprecate@1.0.2
167 silly currentTree ├── validate-npm-package-license@3.0.1
167 silly currentTree ├── wrappy@1.0.2
167 silly currentTree ├── xmlbuilder@4.0.0
167 silly currentTree ├── xmldom@0.1.27
167 silly currentTree ├── xtend@4.0.1
167 silly currentTree └── yauzl@2.4.1
168 silly idealTree car@1.0.0
168 silly idealTree ├── abbrev@1.0.9
168 silly idealTree ├── ansi-regex@2.1.1
168 silly idealTree ├── ansi-styles@2.2.1
168 silly idealTree ├── array-find-index@1.0.2
168 silly idealTree ├── asar@0.12.4
168 silly idealTree ├── asn1@0.1.11
168 silly idealTree ├── assert-plus@0.1.5
168 silly idealTree ├── async@0.9.2
168 silly idealTree ├── aws-sign2@0.5.0
168 silly idealTree ├── balanced-match@0.4.2
168 silly idealTree ├── base64-js@0.0.8
168 silly idealTree ├── binary@0.3.0
168 silly idealTree ├─┬ bl@0.9.5
168 silly idealTree │ └── readable-stream@1.0.34
168 silly idealTree ├── bluebird@2.11.0
168 silly idealTree ├── boom@2.10.1
168 silly idealTree ├── bootstrap@3.3.7
168 silly idealTree ├── brace-expansion@1.1.6
168 silly idealTree ├── buffers@0.1.1
168 silly idealTree ├── builtin-modules@1.1.1
168 silly idealTree ├── camelcase-keys@2.1.0
168 silly idealTree ├── camelcase@2.1.1
168 silly idealTree ├── caseless@0.9.0
168 silly idealTree ├── chainsaw@0.1.0
168 silly idealTree ├── chalk@1.1.3
168 silly idealTree ├── chromium-pickle-js@0.2.0
168 silly idealTree ├── combined-stream@0.0.7
168 silly idealTree ├── commander@2.9.0
168 silly idealTree ├── concat-map@0.0.1
168 silly idealTree ├─┬ concat-stream@1.5.0
168 silly idealTree │ ├── isarray@1.0.0
168 silly idealTree │ └── readable-stream@2.0.6
168 silly idealTree ├── core-util-is@1.0.2
168 silly idealTree ├── cryptiles@2.0.5
168 silly idealTree ├── ctype@0.5.3
168 silly idealTree ├── cuint@0.2.2
168 silly idealTree ├── currently-unhandled@0.4.1
168 silly idealTree ├── debug@2.6.0
168 silly idealTree ├── decamelize@1.2.0
168 silly idealTree ├── decompress-zip@0.3.0
168 silly idealTree ├── deep-extend@0.4.1
168 silly idealTree ├── delayed-stream@0.0.5
168 silly idealTree ├── electron-download@2.2.1
168 silly idealTree ├── electron-osx-sign@0.3.2
168 silly idealTree ├── electron-packager@7.7.0
168 silly idealTree ├── electron-prebuilt@0.37.8
168 silly idealTree ├── electronic-wechat@1.2.1
168 silly idealTree ├── error-ex@1.3.0
168 silly idealTree ├── escape-string-regexp@1.0.5
168 silly idealTree ├─┬ extract-zip@1.6.0
168 silly idealTree │ ├── debug@0.7.4
168 silly idealTree │ ├── minimist@0.0.8
168 silly idealTree │ └── mkdirp@0.5.0
168 silly idealTree ├── fd-slicer@1.0.1
168 silly idealTree ├─┬ find-up@1.1.2
168 silly idealTree │ └── path-exists@2.1.0
168 silly idealTree ├── forever-agent@0.6.1
168 silly idealTree ├── form-data@0.2.0
168 silly idealTree ├── fs-extra@0.30.0
168 silly idealTree ├── fs.realpath@1.0.0
168 silly idealTree ├── generate-function@2.0.0
168 silly idealTree ├── generate-object-property@1.2.0
168 silly idealTree ├─┬ get-package-info@0.1.1
168 silly idealTree │ └── bluebird@3.4.7
168 silly idealTree ├── get-stdin@4.0.1
168 silly idealTree ├── glob@6.0.4
168 silly idealTree ├── graceful-fs@4.1.11
168 silly idealTree ├── graceful-readlink@1.0.1
168 silly idealTree ├── har-validator@1.8.0
168 silly idealTree ├── has-ansi@2.0.0
168 silly idealTree ├── hawk@2.3.1
168 silly idealTree ├── hoek@2.16.3
168 silly idealTree ├── home-path@1.0.3
168 silly idealTree ├── hosted-git-info@2.1.5
168 silly idealTree ├── http-signature@0.10.1
168 silly idealTree ├── indent-string@2.1.0
168 silly idealTree ├── inflight@1.0.6
168 silly idealTree ├── inherits@2.0.3
168 silly idealTree ├── ini@1.3.4
168 silly idealTree ├── is-arrayish@0.2.1
168 silly idealTree ├── is-builtin-module@1.0.0
168 silly idealTree ├── is-finite@1.0.2
168 silly idealTree ├── is-my-json-valid@2.15.0
168 silly idealTree ├── is-property@1.0.2
168 silly idealTree ├── is-utf8@0.2.1
168 silly idealTree ├── isarray@0.0.1
168 silly idealTree ├── isstream@0.1.2
168 silly idealTree ├── jquery@3.1.1
168 silly idealTree ├── json-stringify-safe@5.0.1
168 silly idealTree ├── jsonfile@2.4.0
168 silly idealTree ├── jsonpointer@4.0.1
168 silly idealTree ├── keypress@0.1.0
168 silly idealTree ├── klaw@1.3.1
168 silly idealTree ├── load-json-file@1.1.0
168 silly idealTree ├── lodash.get@4.4.2
168 silly idealTree ├── lodash@3.10.1
168 silly idealTree ├── loud-rejection@1.6.0
168 silly idealTree ├── map-obj@1.0.1
168 silly idealTree ├── meow@3.7.0
168 silly idealTree ├── mime-db@1.12.0
168 silly idealTree ├── mime-types@2.0.14
168 silly idealTree ├── minimatch@3.0.3
168 silly idealTree ├── minimist@1.2.0
168 silly idealTree ├─┬ mkdirp@0.5.1
168 silly idealTree │ └── minimist@0.0.8
168 silly idealTree ├── mkpath@0.1.0
168 silly idealTree ├─┬ mksnapshot@0.3.0
168 silly idealTree │ └── fs-extra@0.26.7
168 silly idealTree ├── ms@0.7.2
168 silly idealTree ├─┬ mv@2.1.1
168 silly idealTree │ └── rimraf@2.4.5
168 silly idealTree ├── nan@2.3.5
168 silly idealTree ├── ncp@2.0.0
168 silly idealTree ├── node-uuid@1.4.7
168 silly idealTree ├── nodejieba@2.2.4
168 silly idealTree ├── nopt@3.0.6
168 silly idealTree ├── normalize-package-data@2.3.5
168 silly idealTree ├── nugget@1.6.2
168 silly idealTree ├── number-is-nan@1.0.1
168 silly idealTree ├── oauth-sign@0.6.0
168 silly idealTree ├── object-assign@4.1.0
168 silly idealTree ├── object-keys@0.4.0
168 silly idealTree ├── once@1.4.0
168 silly idealTree ├── os-tmpdir@1.0.2
168 silly idealTree ├── parse-json@2.2.0
168 silly idealTree ├── path-exists@1.0.0
168 silly idealTree ├── path-is-absolute@1.0.1
168 silly idealTree ├── path-type@1.1.0
168 silly idealTree ├── pend@1.2.0
168 silly idealTree ├── pify@2.3.0
168 silly idealTree ├── pinkie-promise@2.0.1
168 silly idealTree ├── pinkie@2.0.4
168 silly idealTree ├─┬ pinyin@2.8.0
168 silly idealTree │ └── commander@1.1.1
168 silly idealTree ├── plist@1.2.0
168 silly idealTree ├── pretty-bytes@1.0.4
168 silly idealTree ├── process-nextick-args@1.0.7
168 silly idealTree ├── progress-stream@1.2.0
168 silly idealTree ├── punycode@1.4.1
168 silly idealTree ├── q@1.4.1
168 silly idealTree ├── qs@2.4.2
168 silly idealTree ├── rc@1.1.6
168 silly idealTree ├── rcedit@0.5.1
168 silly idealTree ├── read-pkg-up@1.0.1
168 silly idealTree ├── read-pkg@1.1.0
168 silly idealTree ├── readable-stream@1.1.14
168 silly idealTree ├── redent@1.0.0
168 silly idealTree ├── repeating@2.0.1
168 silly idealTree ├── request@2.55.0
168 silly idealTree ├── resolve@1.2.0
168 silly idealTree ├─┬ rimraf@2.5.4
168 silly idealTree │ └── glob@7.1.1
168 silly idealTree ├── run-series@1.1.4
168 silly idealTree ├── semver@5.3.0
168 silly idealTree ├── signal-exit@3.0.2
168 silly idealTree ├── single-line-log@0.4.1
168 silly idealTree ├── sntp@1.0.9
168 silly idealTree ├── spdx-correct@1.0.2
168 silly idealTree ├── spdx-expression-parse@1.0.4
168 silly idealTree ├── spdx-license-ids@1.2.2
168 silly idealTree ├── speedometer@0.1.4
168 silly idealTree ├── string_decoder@0.10.31
168 silly idealTree ├── stringstream@0.0.5
168 silly idealTree ├── strip-ansi@3.0.1
168 silly idealTree ├── strip-bom@2.0.0
168 silly idealTree ├── strip-indent@1.0.1
168 silly idealTree ├── strip-json-comments@1.0.4
168 silly idealTree ├── supports-color@2.0.0
168 silly idealTree ├── throttleit@0.0.2
168 silly idealTree ├─┬ through2@0.2.3
168 silly idealTree │ └── xtend@2.1.2
168 silly idealTree ├── tmp@0.0.28
168 silly idealTree ├─┬ touch@0.0.3
168 silly idealTree │ └── nopt@1.0.10
168 silly idealTree ├── tough-cookie@2.3.2
168 silly idealTree ├── traverse@0.3.9
168 silly idealTree ├── trim-newlines@1.0.0
168 silly idealTree ├── tunnel-agent@0.4.3
168 silly idealTree ├── typedarray@0.0.6
168 silly idealTree ├── util-deprecate@1.0.2
168 silly idealTree ├── validate-npm-package-license@3.0.1
168 silly idealTree ├── wrappy@1.0.2
168 silly idealTree ├── xmlbuilder@4.0.0
168 silly idealTree ├── xmldom@0.1.27
168 silly idealTree ├── xtend@4.0.1
168 silly idealTree └── yauzl@2.4.1
169 silly generateActionsToTake Starting
170 silly install generateActionsToTake
171 silly generateActionsToTake Finishing
172 silly diffTrees action count 4
173 silly diffTrees add electron-prebuilt@0.37.8
174 silly diffTrees add nan@2.3.5
175 silly diffTrees add nodejieba@2.2.4
176 silly diffTrees add electronic-wechat@1.2.1
177 silly decomposeActions action count 32
178 silly decomposeActions fetch electron-prebuilt@0.37.8
179 silly decomposeActions extract electron-prebuilt@0.37.8
180 silly decomposeActions test electron-prebuilt@0.37.8
181 silly decomposeActions preinstall electron-prebuilt@0.37.8
182 silly decomposeActions build electron-prebuilt@0.37.8
183 silly decomposeActions install electron-prebuilt@0.37.8
184 silly decomposeActions postinstall electron-prebuilt@0.37.8
185 silly decomposeActions finalize electron-prebuilt@0.37.8
186 silly decomposeActions fetch nan@2.3.5
187 silly decomposeActions extract nan@2.3.5
188 silly decomposeActions test nan@2.3.5
189 silly decomposeActions preinstall nan@2.3.5
190 silly decomposeActions build nan@2.3.5
191 silly decomposeActions install nan@2.3.5
192 silly decomposeActions postinstall nan@2.3.5
193 silly decomposeActions finalize nan@2.3.5
194 silly decomposeActions fetch nodejieba@2.2.4
195 silly decomposeActions extract nodejieba@2.2.4
196 silly decomposeActions test nodejieba@2.2.4
197 silly decomposeActions preinstall nodejieba@2.2.4
198 silly decomposeActions build nodejieba@2.2.4
199 silly decomposeActions install nodejieba@2.2.4
200 silly decomposeActions postinstall nodejieba@2.2.4
201 silly decomposeActions finalize nodejieba@2.2.4
202 silly decomposeActions fetch electronic-wechat@1.2.1
203 silly decomposeActions extract electronic-wechat@1.2.1
204 silly decomposeActions test electronic-wechat@1.2.1
205 silly decomposeActions preinstall electronic-wechat@1.2.1
206 silly decomposeActions build electronic-wechat@1.2.1
207 silly decomposeActions install electronic-wechat@1.2.1
208 silly decomposeActions postinstall electronic-wechat@1.2.1
209 silly decomposeActions finalize electronic-wechat@1.2.1
210 silly executeActions Starting
211 silly install executeActions
212 silly doSerial global-install 0
213 silly doParallel fetch 4
214 verbose lock using /home/wuyongli/.npm/_locks/staging-f55e670d35e8da04.lock for /home/wuyongli/Documents/car/node_modules/.staging
215 silly doParallel extract 4
216 silly extract electron-prebuilt@0.37.8
217 silly extract nan@2.3.5
218 silly extract nodejieba@2.2.4
219 silly extract electronic-wechat@1.2.1
220 verbose unbuild node_modules/.staging/nodejieba-ad33c4ec
221 verbose unbuild node_modules/.staging/nan-acd226a6
222 verbose unbuild node_modules/.staging/electron-prebuilt-236789ab
223 verbose unbuild node_modules/.staging/electronic-wechat-12c3aac5
224 silly gentlyRm /home/wuyongli/Documents/car/node_modules/.staging/nodejieba-ad33c4ec is being purged from base /home/wuyongli/Documents/car
225 verbose gentlyRm don't care about contents; nuking /home/wuyongli/Documents/car/node_modules/.staging/nodejieba-ad33c4ec
226 silly gentlyRm /home/wuyongli/Documents/car/node_modules/.staging/nan-acd226a6 is being purged from base /home/wuyongli/Documents/car
227 verbose gentlyRm don't care about contents; nuking /home/wuyongli/Documents/car/node_modules/.staging/nan-acd226a6
228 silly gentlyRm /home/wuyongli/Documents/car/node_modules/.staging/electron-prebuilt-236789ab is being purged from base /home/wuyongli/Documents/car
229 verbose gentlyRm don't care about contents; nuking /home/wuyongli/Documents/car/node_modules/.staging/electron-prebuilt-236789ab
230 verbose tar unpack /home/wuyongli/.npm/nodejieba/2.2.4/package.tgz
231 verbose tar unpacking to /home/wuyongli/Documents/car/node_modules/.staging/nodejieba-ad33c4ec
232 silly gentlyRm /home/wuyongli/Documents/car/node_modules/.staging/nodejieba-ad33c4ec is being purged
233 verbose gentlyRm don't care about contents; nuking /home/wuyongli/Documents/car/node_modules/.staging/nodejieba-ad33c4ec
234 verbose tar unpack /home/wuyongli/.npm/nan/2.3.5/package.tgz
235 verbose tar unpacking to /home/wuyongli/Documents/car/node_modules/.staging/nan-acd226a6
236 silly gentlyRm /home/wuyongli/Documents/car/node_modules/.staging/nan-acd226a6 is being purged
237 verbose gentlyRm don't care about contents; nuking /home/wuyongli/Documents/car/node_modules/.staging/nan-acd226a6
238 silly gentlyRm /home/wuyongli/Documents/car/node_modules/.staging/electronic-wechat-12c3aac5 is being purged from base /home/wuyongli/Documents/car
239 verbose gentlyRm don't care about contents; nuking /home/wuyongli/Documents/car/node_modules/.staging/electronic-wechat-12c3aac5
240 verbose tar unpack /home/wuyongli/.npm/electron-prebuilt/0.37.8/package.tgz
241 verbose tar unpacking to /home/wuyongli/Documents/car/node_modules/.staging/electron-prebuilt-236789ab
242 silly gentlyRm /home/wuyongli/Documents/car/node_modules/.staging/electron-prebuilt-236789ab is being purged
243 verbose gentlyRm don't care about contents; nuking /home/wuyongli/Documents/car/node_modules/.staging/electron-prebuilt-236789ab
244 silly gunzTarPerm modes [ '775', '664' ]
245 silly gunzTarPerm modes [ '775', '664' ]
246 verbose tar unpack /home/wuyongli/.npm/electronic-wechat/1.2.1/package.tgz
247 verbose tar unpacking to /home/wuyongli/Documents/car/node_modules/.staging/electronic-wechat-12c3aac5
248 silly gentlyRm /home/wuyongli/Documents/car/node_modules/.staging/electronic-wechat-12c3aac5 is being purged
249 verbose gentlyRm don't care about contents; nuking /home/wuyongli/Documents/car/node_modules/.staging/electronic-wechat-12c3aac5
250 silly gunzTarPerm modes [ '775', '664' ]
251 silly gunzTarPerm modes [ '775', '664' ]
252 silly gunzTarPerm extractEntry package.json
253 silly gunzTarPerm extractEntry
254 silly gunzTarPerm extractEntry package.json
255 silly gunzTarPerm modified mode [ 'package.json', 420, 436 ]
256 silly gunzTarPerm extractEntry package.json
257 silly gunzTarPerm modified mode [ 'package.json', 420, 436 ]
258 silly gunzTarPerm extractEntry README.md
259 silly gunzTarPerm extractEntry .npmignore
260 silly gunzTarPerm modified mode [ '.npmignore', 420, 436 ]
261 silly gunzTarPerm extractEntry README.md
262 silly gunzTarPerm modified mode [ 'README.md', 420, 436 ]
263 silly gunzTarPerm extractEntry include_dirs.js
264 silly gunzTarPerm extractEntry .npmignore
265 silly gunzTarPerm modified mode [ '.npmignore', 420, 436 ]
266 silly gunzTarPerm extractEntry README.md
267 silly gunzTarPerm modified mode [ 'README.md', 420, 436 ]
268 silly gunzTarPerm extractEntry .gitignore
269 silly gunzTarPerm extractEntry .npmignore
270 silly gunzTarPerm extractEntry .travis.yml
271 silly gunzTarPerm extractEntry CONTRIBUTING.md
272 silly gunzTarPerm extractEntry LICENSE
273 silly gunzTarPerm extractEntry nan_converters.h
274 silly gunzTarPerm extractEntry LICENSE.md
275 silly gunzTarPerm extractEntry doc/node_misc.md
276 silly gunzTarPerm extractEntry index.js
277 silly gunzTarPerm modified mode [ 'index.js', 420, 436 ]
278 silly gunzTarPerm extractEntry README_EN.md
279 silly gunzTarPerm modified mode [ 'README_EN.md', 420, 436 ]
280 silly gunzTarPerm extractEntry .travis.yml
281 silly gunzTarPerm modified mode [ '.travis.yml', 420, 436 ]
282 silly gunzTarPerm extractEntry CHANGELOG.md
283 silly gunzTarPerm modified mode [ 'CHANGELOG.md', 420, 436 ]
284 silly gunzTarPerm extractEntry doc/asyncworker.md
285 silly gunzTarPerm extractEntry README.md
286 silly gunzTarPerm extractEntry cli.js
287 silly gunzTarPerm extractEntry binding.gyp
288 silly gunzTarPerm modified mode [ 'binding.gyp', 420, 436 ]
289 silly gunzTarPerm extractEntry CONTRIBUTING.md
290 silly gunzTarPerm modified mode [ 'CONTRIBUTING.md', 420, 436 ]
291 silly gunzTarPerm extractEntry ISSUE_TEMPLATE.md
292 silly gunzTarPerm modified mode [ 'ISSUE_TEMPLATE.md', 420, 436 ]
293 silly gunzTarPerm extractEntry doc/callback.md
294 silly gunzTarPerm extractEntry doc/converters.md
295 silly gunzTarPerm extractEntry index.js
296 silly gunzTarPerm extractEntry install.js
297 silly gunzTarPerm extractEntry .travis.yml
298 silly gunzTarPerm modified mode [ '.travis.yml', 420, 436 ]
299 silly gunzTarPerm extractEntry deps/cppjieba/PosTagger.hpp
300 silly gunzTarPerm modified mode [ 'deps/cppjieba/PosTagger.hpp', 420, 436 ]
301 silly gunzTarPerm extractEntry LICENSE.md
302 silly gunzTarPerm modified mode [ 'LICENSE.md', 420, 436 ]
303 silly gunzTarPerm extractEntry README_zh.md
304 silly gunzTarPerm modified mode [ 'README_zh.md', 420, 436 ]
305 silly gunzTarPerm extractEntry doc/errors.md
306 silly gunzTarPerm extractEntry doc/maybe_types.md
307 silly gunzTarPerm extractEntry issue_template.md
308 silly gunzTarPerm extractEntry deps/cppjieba/DictTrie.hpp
309 silly gunzTarPerm modified mode [ 'deps/cppjieba/DictTrie.hpp', 420, 436 ]
310 silly gunzTarPerm extractEntry deps/cppjieba/HMMModel.hpp
311 silly gunzTarPerm modified mode [ 'deps/cppjieba/HMMModel.hpp', 420, 436 ]
312 silly gunzTarPerm extractEntry assets/icon.icns
313 silly gunzTarPerm modified mode [ 'assets/icon.icns', 420, 436 ]
314 silly gunzTarPerm extractEntry package.json
315 silly gunzTarPerm extractEntry test/
316 silly gunzTarPerm extractEntry doc/methods.md
317 silly gunzTarPerm extractEntry doc/new.md
318 silly gunzTarPerm extractEntry deps/cppjieba/HMMSegment.hpp
319 silly gunzTarPerm modified mode [ 'deps/cppjieba/HMMSegment.hpp', 420, 436 ]
320 silly gunzTarPerm extractEntry deps/cppjieba/Jieba.hpp
321 silly gunzTarPerm modified mode [ 'deps/cppjieba/Jieba.hpp', 420, 436 ]
322 silly gunzTarPerm extractEntry doc/buffers.md
323 silly gunzTarPerm extractEntry doc/object_wrappers.md
324 silly gunzTarPerm extractEntry test/index.js
325 silly gunzTarPerm extractEntry assets/icon.png
326 silly gunzTarPerm modified mode [ 'assets/icon.png', 420, 436 ]
327 silly gunzTarPerm extractEntry deps/cppjieba/KeywordExtractor.hpp
328 silly gunzTarPerm modified mode [ 'deps/cppjieba/KeywordExtractor.hpp', 420, 436 ]
329 silly gunzTarPerm extractEntry deps/cppjieba/MPSegment.hpp
330 silly gunzTarPerm modified mode [ 'deps/cppjieba/MPSegment.hpp', 420, 436 ]
331 silly gunzTarPerm extractEntry doc/persistent.md
332 silly gunzTarPerm extractEntry doc/scopes.md
333 silly gunzTarPerm extractEntry assets/loading.gif
334 silly gunzTarPerm modified mode [ 'assets/loading.gif', 420, 436 ]
335 silly gunzTarPerm extractEntry deps/cppjieba/MixSegment.hpp
336 silly gunzTarPerm modified mode [ 'deps/cppjieba/MixSegment.hpp', 420, 436 ]
337 silly gunzTarPerm extractEntry deps/cppjieba/FullSegment.hpp
338 silly gunzTarPerm modified mode [ 'deps/cppjieba/FullSegment.hpp', 420, 436 ]
339 silly gunzTarPerm extractEntry doc/script.md
340 silly gunzTarPerm extractEntry doc/string_bytes.md
341 silly gunzTarPerm extractEntry doc/v8_internals.md
342 silly gunzTarPerm extractEntry doc/v8_misc.md
343 silly gunzTarPerm extractEntry deps/cppjieba/PreFilter.hpp
344 silly gunzTarPerm modified mode [ 'deps/cppjieba/PreFilter.hpp', 420, 436 ]
345 silly gunzTarPerm extractEntry deps/cppjieba/QuerySegment.hpp
346 silly gunzTarPerm modified mode [ 'deps/cppjieba/QuerySegment.hpp', 420, 436 ]
347 silly gunzTarPerm extractEntry nan.h
348 silly gunzTarPerm extractEntry deps/cppjieba/SegmentBase.hpp
349 silly gunzTarPerm modified mode [ 'deps/cppjieba/SegmentBase.hpp', 420, 436 ]
350 silly gunzTarPerm extractEntry deps/cppjieba/SegmentTagged.hpp
351 silly gunzTarPerm modified mode [ 'deps/cppjieba/SegmentTagged.hpp', 420, 436 ]
352 silly gunzTarPerm extractEntry assets/status_bar.png
353 silly gunzTarPerm modified mode [ 'assets/status_bar.png', 493, 509 ]
354 silly gunzTarPerm extractEntry assets/status_bar@2x.png
355 silly gunzTarPerm modified mode [ 'assets/status_bar@2x.png', 493, 509 ]
356 silly gunzTarPerm extractEntry config.json
357 silly gunzTarPerm modified mode [ 'config.json', 420, 436 ]
358 silly gunzTarPerm extractEntry nan_callbacks.h
359 silly gunzTarPerm extractEntry nan_callbacks_12_inl.h
360 silly gunzTarPerm extractEntry nan_callbacks_pre_12_inl.h
361 silly gunzTarPerm extractEntry scripts/build-all.sh
362 silly gunzTarPerm modified mode [ 'scripts/build-all.sh', 493, 509 ]
363 silly gunzTarPerm extractEntry nan_converters_43_inl.h
364 silly gunzTarPerm extractEntry deps/cppjieba/TextRankExtractor.hpp
365 silly gunzTarPerm modified mode [ 'deps/cppjieba/TextRankExtractor.hpp', 420, 436 ]
366 silly gunzTarPerm extractEntry deps/cppjieba/Trie.hpp
367 silly gunzTarPerm modified mode [ 'deps/cppjieba/Trie.hpp', 420, 436 ]
368 silly gunzTarPerm extractEntry scripts/build.sh
369 silly gunzTarPerm modified mode [ 'scripts/build.sh', 493, 509 ]
370 silly gunzTarPerm extractEntry scripts/tar-all.sh
371 silly gunzTarPerm modified mode [ 'scripts/tar-all.sh', 493, 509 ]
372 silly gunzTarPerm extractEntry src/common.js
373 silly gunzTarPerm modified mode [ 'src/common.js', 420, 436 ]
374 silly gunzTarPerm extractEntry nan_converters_pre_43_inl.h
375 silly gunzTarPerm extractEntry nan_implementation_12_inl.h
376 silly gunzTarPerm extractEntry nan_implementation_pre_12_inl.h
377 silly gunzTarPerm extractEntry src/main.js
378 silly gunzTarPerm modified mode [ 'src/main.js', 420, 436 ]
379 silly gunzTarPerm extractEntry deps/cppjieba/Unicode.hpp
380 silly gunzTarPerm modified mode [ 'deps/cppjieba/Unicode.hpp', 420, 436 ]
381 silly gunzTarPerm extractEntry deps/limonp/ForcePublic.hpp
382 silly gunzTarPerm modified mode [ 'deps/limonp/ForcePublic.hpp', 420, 436 ]
383 silly gunzTarPerm extractEntry src/handlers/menu.js
384 silly gunzTarPerm modified mode [ 'src/handlers/menu.js', 420, 436 ]
385 silly gunzTarPerm extractEntry nan_maybe_43_inl.h
386 silly gunzTarPerm extractEntry deps/limonp/ArgvContext.hpp
387 silly gunzTarPerm modified mode [ 'deps/limonp/ArgvContext.hpp', 420, 436 ]
388 silly gunzTarPerm extractEntry deps/limonp/BoundedBlockingQueue.hpp
389 silly gunzTarPerm modified mode [ 'deps/limonp/BoundedBlockingQueue.hpp', 420, 436 ]
390 silly gunzTarPerm extractEntry nan_maybe_pre_43_inl.h
391 silly gunzTarPerm extractEntry nan_new.h
392 silly gunzTarPerm extractEntry src/handlers/message.js
393 silly gunzTarPerm modified mode [ 'src/handlers/message.js', 420, 436 ]
394 silly gunzTarPerm extractEntry src/handlers/update.js
395 silly gunzTarPerm modified mode [ 'src/handlers/update.js', 420, 436 ]
396 silly gunzTarPerm extractEntry src/inject/badge_count.js
397 silly gunzTarPerm modified mode [ 'src/inject/badge_count.js', 420, 436 ]
398 silly gunzTarPerm extractEntry src/inject/css.js
399 silly gunzTarPerm modified mode [ 'src/inject/css.js', 420, 436 ]
400 silly gunzTarPerm extractEntry src/inject/mention_menu.js
401 silly gunzTarPerm modified mode [ 'src/inject/mention_menu.js', 420, 436 ]
402 silly gunzTarPerm extractEntry deps/limonp/BoundedQueue.hpp
403 silly gunzTarPerm modified mode [ 'deps/limonp/BoundedQueue.hpp', 420, 436 ]
404 silly gunzTarPerm extractEntry deps/limonp/Closure.hpp
405 silly gunzTarPerm modified mode [ 'deps/limonp/Closure.hpp', 420, 436 ]
406 silly gunzTarPerm extractEntry nan_object_wrap.h
407 silly gunzTarPerm extractEntry nan_persistent_12_inl.h
408 silly gunzTarPerm extractEntry src/inject/preload.js
409 silly gunzTarPerm modified mode [ 'src/inject/preload.js', 420, 436 ]
410 silly gentlyRm /home/wuyongli/Documents/car/node_modules/.staging/electron-prebuilt-236789ab/node_modules is being purged
411 verbose gentlyRm don't care about contents; nuking /home/wuyongli/Documents/car/node_modules/.staging/electron-prebuilt-236789ab/node_modules
412 silly gunzTarPerm extractEntry deps/limonp/Colors.hpp
413 silly gunzTarPerm modified mode [ 'deps/limonp/Colors.hpp', 420, 436 ]
414 silly gunzTarPerm extractEntry deps/limonp/Condition.hpp
415 silly gunzTarPerm modified mode [ 'deps/limonp/Condition.hpp', 420, 436 ]
416 silly gunzTarPerm extractEntry nan_persistent_pre_12_inl.h
417 silly gunzTarPerm extractEntry nan_string_bytes.h
418 silly gunzTarPerm extractEntry src/inject/share_menu.js
419 silly gunzTarPerm modified mode [ 'src/inject/share_menu.js', 420, 436 ]
420 silly gunzTarPerm extractEntry src/windows/controllers/app_tray.js
421 silly gunzTarPerm modified mode [ 'src/windows/controllers/app_tray.js', 420, 436 ]
422 silly gunzTarPerm extractEntry src/windows/controllers/splash.js
423 silly gunzTarPerm modified mode [ 'src/windows/controllers/splash.js', 420, 436 ]
424 silly gunzTarPerm extractEntry src/windows/controllers/wechat.js
425 silly gunzTarPerm modified mode [ 'src/windows/controllers/wechat.js', 420, 436 ]
426 silly gunzTarPerm extractEntry src/windows/styles/splash.css
427 silly gunzTarPerm modified mode [ 'src/windows/styles/splash.css', 420, 436 ]
428 silly gunzTarPerm extractEntry src/windows/views/splash.html
429 silly gunzTarPerm modified mode [ 'src/windows/views/splash.html', 420, 436 ]
430 silly gunzTarPerm extractEntry nan_typedarray_contents.h
431 silly gunzTarPerm extractEntry nan_weak.h
432 silly gunzTarPerm extractEntry deps/limonp/Config.hpp
433 silly gunzTarPerm modified mode [ 'deps/limonp/Config.hpp', 420, 436 ]
434 silly gunzTarPerm extractEntry deps/limonp/FileLock.hpp
435 silly gunzTarPerm modified mode [ 'deps/limonp/FileLock.hpp', 420, 436 ]
436 silly gunzTarPerm extractEntry CHANGELOG.md
437 silly gunzTarPerm extractEntry tools/package.json
438 silly gunzTarPerm extractEntry deps/limonp/BlockingQueue.hpp
439 silly gunzTarPerm modified mode [ 'deps/limonp/BlockingQueue.hpp', 420, 436 ]
440 silly gunzTarPerm extractEntry deps/limonp/LocalVector.hpp
441 silly gunzTarPerm modified mode [ 'deps/limonp/LocalVector.hpp', 420, 436 ]
442 silly gunzTarPerm extractEntry tools/README.md
443 silly gunzTarPerm extractEntry tools/1to2.js
444 silly gunzTarPerm extractEntry deps/limonp/Logging.hpp
445 silly gunzTarPerm modified mode [ 'deps/limonp/Logging.hpp', 420, 436 ]
446 silly gunzTarPerm extractEntry deps/limonp/Md5.hpp
447 silly gunzTarPerm modified mode [ 'deps/limonp/Md5.hpp', 420, 436 ]
448 silly gunzTarPerm extractEntry deps/limonp/MutexLock.hpp
449 silly gunzTarPerm modified mode [ 'deps/limonp/MutexLock.hpp', 420, 436 ]
450 silly gunzTarPerm extractEntry deps/limonp/NonCopyable.hpp
451 silly gunzTarPerm modified mode [ 'deps/limonp/NonCopyable.hpp', 420, 436 ]
452 silly gunzTarPerm extractEntry deps/limonp/StdExtension.hpp
453 silly gunzTarPerm modified mode [ 'deps/limonp/StdExtension.hpp', 420, 436 ]
454 silly gunzTarPerm extractEntry deps/limonp/StringUtil.hpp
455 silly gunzTarPerm modified mode [ 'deps/limonp/StringUtil.hpp', 420, 436 ]
456 silly gunzTarPerm extractEntry deps/limonp/Thread.hpp
457 silly gunzTarPerm modified mode [ 'deps/limonp/Thread.hpp', 420, 436 ]
458 silly gunzTarPerm extractEntry deps/limonp/ThreadPool.hpp
459 silly gunzTarPerm modified mode [ 'deps/limonp/ThreadPool.hpp', 420, 436 ]
460 silly gunzTarPerm extractEntry dict/hmm_model.utf8
461 silly gunzTarPerm modified mode [ 'dict/hmm_model.utf8', 420, 436 ]
462 silly gunzTarPerm extractEntry dict/idf.utf8
463 silly gunzTarPerm modified mode [ 'dict/idf.utf8', 420, 436 ]
464 silly gentlyRm /home/wuyongli/Documents/car/node_modules/.staging/electronic-wechat-12c3aac5/node_modules is being purged
465 verbose gentlyRm don't care about contents; nuking /home/wuyongli/Documents/car/node_modules/.staging/electronic-wechat-12c3aac5/node_modules
466 silly gentlyRm /home/wuyongli/Documents/car/node_modules/.staging/nan-acd226a6/node_modules is being purged
467 verbose gentlyRm don't care about contents; nuking /home/wuyongli/Documents/car/node_modules/.staging/nan-acd226a6/node_modules
468 silly gunzTarPerm extractEntry dict/jieba.dict.utf8
469 silly gunzTarPerm modified mode [ 'dict/jieba.dict.utf8', 420, 436 ]
470 silly gunzTarPerm extractEntry dict/stop_words.utf8
471 silly gunzTarPerm modified mode [ 'dict/stop_words.utf8', 420, 436 ]
472 silly gunzTarPerm extractEntry dict/user.dict.utf8
473 silly gunzTarPerm modified mode [ 'dict/user.dict.utf8', 420, 436 ]
474 silly gunzTarPerm extractEntry ChangeLog.md
475 silly gunzTarPerm modified mode [ 'ChangeLog.md', 420, 436 ]
476 silly gunzTarPerm extractEntry lib/index.cpp
477 silly gunzTarPerm modified mode [ 'lib/index.cpp', 420, 436 ]
478 silly gunzTarPerm extractEntry lib/nodejieba.cpp
479 silly gunzTarPerm modified mode [ 'lib/nodejieba.cpp', 420, 436 ]
480 silly gunzTarPerm extractEntry lib/nodejieba.h
481 silly gunzTarPerm modified mode [ 'lib/nodejieba.h', 420, 436 ]
482 silly gunzTarPerm extractEntry lib/utils.h
483 silly gunzTarPerm modified mode [ 'lib/utils.h', 420, 436 ]
484 silly gunzTarPerm extractEntry test/demo.js
485 silly gunzTarPerm modified mode [ 'test/demo.js', 420, 436 ]
486 silly gunzTarPerm extractEntry test/load_dict_demo.js
487 silly gunzTarPerm modified mode [ 'test/load_dict_demo.js', 420, 436 ]
488 silly gunzTarPerm extractEntry test/load_dict_test.js
489 silly gunzTarPerm modified mode [ 'test/load_dict_test.js', 420, 436 ]
490 silly gunzTarPerm extractEntry test/test.js
491 silly gunzTarPerm modified mode [ 'test/test.js', 420, 436 ]
492 silly gunzTarPerm extractEntry test/testdata/userdict.utf8
493 silly gunzTarPerm modified mode [ 'test/testdata/userdict.utf8', 420, 436 ]
494 silly gentlyRm /home/wuyongli/Documents/car/node_modules/.staging/nodejieba-ad33c4ec/node_modules is being purged
495 verbose gentlyRm don't care about contents; nuking /home/wuyongli/Documents/car/node_modules/.staging/nodejieba-ad33c4ec/node_modules
496 silly doParallel preinstall 4
497 silly preinstall electron-prebuilt@0.37.8 /home/wuyongli/Documents/car/node_modules/.staging/electron-prebuilt-236789ab
498 info lifecycle electron-prebuilt@0.37.8~preinstall: electron-prebuilt@0.37.8
499 silly preinstall nan@2.3.5 /home/wuyongli/Documents/car/node_modules/.staging/nan-acd226a6
500 info lifecycle nan@2.3.5~preinstall: nan@2.3.5
501 silly preinstall nodejieba@2.2.4 /home/wuyongli/Documents/car/node_modules/.staging/nodejieba-ad33c4ec
502 info lifecycle nodejieba@2.2.4~preinstall: nodejieba@2.2.4
503 silly preinstall electronic-wechat@1.2.1 /home/wuyongli/Documents/car/node_modules/.staging/electronic-wechat-12c3aac5
504 info lifecycle electronic-wechat@1.2.1~preinstall: electronic-wechat@1.2.1
505 silly lifecycle electron-prebuilt@0.37.8~preinstall: no script for preinstall, continuing
506 silly lifecycle nan@2.3.5~preinstall: no script for preinstall, continuing
507 silly lifecycle nodejieba@2.2.4~preinstall: no script for preinstall, continuing
508 silly lifecycle electronic-wechat@1.2.1~preinstall: no script for preinstall, continuing
509 silly doReverseSerial remove 0
510 silly doSerial move 0
511 silly doSerial finalize 4
512 silly finalize /home/wuyongli/Documents/car/node_modules/electron-prebuilt
513 silly finalize /home/wuyongli/Documents/car/node_modules/nan
514 silly finalize /home/wuyongli/Documents/car/node_modules/nodejieba
515 silly finalize /home/wuyongli/Documents/car/node_modules/electronic-wechat
516 silly doSerial build 4
517 silly build electron-prebuilt@0.37.8
518 info linkStuff electron-prebuilt@0.37.8
519 silly linkStuff electron-prebuilt@0.37.8 has /home/wuyongli/Documents/car/node_modules as its parent node_modules
520 verbose linkBins electron-prebuilt@0.37.8
521 verbose link bins [ { electron: 'cli.js' },
521 verbose link bins   '/home/wuyongli/Documents/car/node_modules/.bin',
521 verbose link bins   false ]
522 verbose linkMans electron-prebuilt@0.37.8
523 silly build nan@2.3.5
524 info linkStuff nan@2.3.5
525 silly linkStuff nan@2.3.5 has /home/wuyongli/Documents/car/node_modules as its parent node_modules
526 verbose linkBins nan@2.3.5
527 verbose linkMans nan@2.3.5
528 silly build nodejieba@2.2.4
529 info linkStuff nodejieba@2.2.4
530 silly linkStuff nodejieba@2.2.4 has /home/wuyongli/Documents/car/node_modules as its parent node_modules
531 verbose linkBins nodejieba@2.2.4
532 verbose linkMans nodejieba@2.2.4
533 silly build electronic-wechat@1.2.1
534 info linkStuff electronic-wechat@1.2.1
535 silly linkStuff electronic-wechat@1.2.1 has /home/wuyongli/Documents/car/node_modules as its parent node_modules
536 verbose linkBins electronic-wechat@1.2.1
537 verbose linkMans electronic-wechat@1.2.1
538 silly doSerial global-link 0
539 silly doParallel update-linked 0
540 silly doSerial install 4
541 silly install electron-prebuilt@0.37.8 /home/wuyongli/Documents/car/node_modules/.staging/electron-prebuilt-236789ab
542 info lifecycle electron-prebuilt@0.37.8~install: electron-prebuilt@0.37.8
543 silly lifecycle electron-prebuilt@0.37.8~install: no script for install, continuing
544 silly install nan@2.3.5 /home/wuyongli/Documents/car/node_modules/.staging/nan-acd226a6
545 info lifecycle nan@2.3.5~install: nan@2.3.5
546 silly lifecycle nan@2.3.5~install: no script for install, continuing
547 silly install nodejieba@2.2.4 /home/wuyongli/Documents/car/node_modules/.staging/nodejieba-ad33c4ec
548 info lifecycle nodejieba@2.2.4~install: nodejieba@2.2.4
549 verbose lifecycle nodejieba@2.2.4~install: unsafe-perm in lifecycle true
550 verbose lifecycle nodejieba@2.2.4~install: PATH: /usr/share/npm/bin/node-gyp-bin:/home/wuyongli/Documents/car/node_modules/nodejieba/node_modules/.bin:/home/wuyongli/Documents/car/node_modules/.bin:/usr/local/sbin:/usr/local/bin:/usr/sbin:/usr/bin:/sbin:/bin:/usr/games:/usr/local/games:/snap/bin
551 verbose lifecycle nodejieba@2.2.4~install: CWD: /home/wuyongli/Documents/car/node_modules/nodejieba
552 silly lifecycle nodejieba@2.2.4~install: Args: [ '-c', 'node-gyp rebuild' ]
553 silly lifecycle nodejieba@2.2.4~install: Returned: code: 1  signal: null
554 info lifecycle nodejieba@2.2.4~install: Failed to exec install script
555 warn install:nodejieba@2.2.4 nodejieba@2.2.4 install: `node-gyp rebuild`
555 warn install:nodejieba@2.2.4 Exit status 1
556 verbose install:nodejieba@2.2.4 Error: nodejieba@2.2.4 install: `node-gyp rebuild`
556 verbose install:nodejieba@2.2.4 Exit status 1
556 verbose install:nodejieba@2.2.4     at EventEmitter.<anonymous> (/usr/share/npm/lib/utils/lifecycle.js:232:16)
556 verbose install:nodejieba@2.2.4     at emitTwo (events.js:87:13)
556 verbose install:nodejieba@2.2.4     at EventEmitter.emit (events.js:172:7)
556 verbose install:nodejieba@2.2.4     at ChildProcess.<anonymous> (/usr/share/npm/lib/utils/spawn.js:24:14)
556 verbose install:nodejieba@2.2.4     at emitTwo (events.js:87:13)
556 verbose install:nodejieba@2.2.4     at ChildProcess.emit (events.js:172:7)
556 verbose install:nodejieba@2.2.4     at maybeClose (internal/child_process.js:821:16)
556 verbose install:nodejieba@2.2.4     at Process.ChildProcess._handle.onexit (internal/child_process.js:211:5)
557 silly install electronic-wechat@1.2.1 /home/wuyongli/Documents/car/node_modules/.staging/electronic-wechat-12c3aac5
558 info lifecycle electronic-wechat@1.2.1~install: electronic-wechat@1.2.1
559 silly lifecycle electronic-wechat@1.2.1~install: no script for install, continuing
560 silly doSerial postinstall 4
561 silly postinstall electron-prebuilt@0.37.8 /home/wuyongli/Documents/car/node_modules/.staging/electron-prebuilt-236789ab
562 info lifecycle electron-prebuilt@0.37.8~postinstall: electron-prebuilt@0.37.8
563 verbose lifecycle electron-prebuilt@0.37.8~postinstall: unsafe-perm in lifecycle true
564 verbose lifecycle electron-prebuilt@0.37.8~postinstall: PATH: /usr/share/npm/bin/node-gyp-bin:/home/wuyongli/Documents/car/node_modules/electron-prebuilt/node_modules/.bin:/home/wuyongli/Documents/car/node_modules/.bin:/usr/local/sbin:/usr/local/bin:/usr/sbin:/usr/bin:/sbin:/bin:/usr/games:/usr/local/games:/snap/bin
565 verbose lifecycle electron-prebuilt@0.37.8~postinstall: CWD: /home/wuyongli/Documents/car/node_modules/electron-prebuilt
566 silly lifecycle electron-prebuilt@0.37.8~postinstall: Args: [ '-c', 'node install.js' ]
567 info lifecycle electron-prebuilt@0.37.8~postinstall: Failed to exec postinstall script
568 verbose unlock done using /home/wuyongli/.npm/_locks/staging-f55e670d35e8da04.lock for /home/wuyongli/Documents/car/node_modules/.staging
569 silly rollbackFailedOptional Starting
570 silly rollbackFailedOptional Finishing
571 silly runTopLevelLifecycles Starting
572 silly runTopLevelLifecycles Finishing
573 silly install printInstalled
574 verbose stack Error: electron-prebuilt@0.37.8 postinstall: `node install.js`
574 verbose stack spawn ENOENT
574 verbose stack     at ChildProcess.<anonymous> (/usr/share/npm/lib/utils/spawn.js:17:16)
574 verbose stack     at emitTwo (events.js:87:13)
574 verbose stack     at ChildProcess.emit (events.js:172:7)
574 verbose stack     at maybeClose (internal/child_process.js:821:16)
574 verbose stack     at Process.ChildProcess._handle.onexit (internal/child_process.js:211:5)
575 verbose pkgid electron-prebuilt@0.37.8
576 verbose cwd /home/wuyongli/Documents/car
577 error Linux 4.4.0-59-generic
578 error argv "/usr/bin/nodejs" "/usr/bin/npm" "i" "electronic-wechat"
579 error node v4.2.6
580 error npm  v3.5.2
581 error file sh
582 error code ELIFECYCLE
583 error errno ENOENT
584 error syscall spawn
585 error electron-prebuilt@0.37.8 postinstall: `node install.js`
585 error spawn ENOENT
586 error Failed at the electron-prebuilt@0.37.8 postinstall script 'node install.js'.
586 error Make sure you have the latest version of node.js and npm installed.
586 error If you do, this is most likely a problem with the electron-prebuilt package,
586 error not with npm itself.
586 error Tell the author that this fails on your system:
586 error     node install.js
586 error You can get information on how to open an issue for this project with:
586 error     npm bugs electron-prebuilt
586 error Or if that isn't available, you can get their info via:
586 error     npm owner ls electron-prebuilt
586 error There is likely additional logging output above.
587 verbose exit [ 1, true ]
